\BOOKMARK [0][-]{chapter.1}{\376\377\000I\000n\000t\000r\000o\000d\000u\000c\000t\000i\000o\000n}{}% 1
\BOOKMARK [1][-]{section.1.1}{\376\377\000O\000v\000e\000r\000v\000i\000e\000w}{chapter.1}% 2
\BOOKMARK [1][-]{section.1.2}{\376\377\000D\000a\000t\000a\000\040\000P\000a\000r\000a\000l\000l\000e\000l\000\040\000C\000+\000+\000\040\000\050\000D\000P\000C\000+\000+\000\051}{chapter.1}% 3
\BOOKMARK [1][-]{section.1.3}{\376\377\000R\000e\000l\000a\000t\000e\000d\000\040\000D\000o\000c\000u\000m\000e\000n\000t\000a\000t\000i\000o\000n}{chapter.1}% 4
\BOOKMARK [0][-]{chapter.2}{\376\377\000P\000r\000o\000g\000r\000a\000m\000m\000i\000n\000g\000\040\000M\000o\000d\000e\000l}{}% 5
\BOOKMARK [1][-]{section.2.1}{\376\377\000S\000a\000m\000p\000l\000e\000\040\000P\000r\000o\000g\000r\000a\000m}{chapter.2}% 6
\BOOKMARK [1][-]{section.2.2}{\376\377\000P\000l\000a\000t\000f\000o\000r\000m\000\040\000M\000o\000d\000e\000l}{chapter.2}% 7
\BOOKMARK [1][-]{section.2.3}{\376\377\000E\000x\000e\000c\000u\000t\000i\000o\000n\000\040\000M\000o\000d\000e\000l}{chapter.2}% 8
\BOOKMARK [1][-]{section.2.4}{\376\377\000M\000e\000m\000o\000r\000y\000\040\000M\000o\000d\000e\000l}{chapter.2}% 9
\BOOKMARK [2][-]{subsection.2.4.1}{\376\377\000M\000e\000m\000o\000r\000y\000\040\000O\000b\000j\000e\000c\000t\000s}{section.2.4}% 10
\BOOKMARK [2][-]{subsection.2.4.2}{\376\377\000A\000c\000c\000e\000s\000s\000o\000r\000s}{section.2.4}% 11
\BOOKMARK [2][-]{subsection.2.4.3}{\376\377\000S\000y\000n\000c\000h\000r\000o\000n\000i\000z\000a\000t\000i\000o\000n}{section.2.4}% 12
\BOOKMARK [2][-]{subsection.2.4.4}{\376\377\000U\000n\000i\000f\000i\000e\000d\000\040\000S\000h\000a\000r\000e\000d\000\040\000M\000e\000m\000o\000r\000y}{section.2.4}% 13
\BOOKMARK [2][-]{subsection.2.4.5}{\376\377\000M\000e\000m\000o\000r\000y\000\040\000T\000y\000p\000e\000s}{section.2.4}% 14
\BOOKMARK [1][-]{section.2.5}{\376\377\000K\000e\000r\000n\000e\000l\000\040\000P\000r\000o\000g\000r\000a\000m\000m\000i\000n\000g\000\040\000M\000o\000d\000e\000l}{chapter.2}% 15
\BOOKMARK [2][-]{subsection.2.5.1}{\376\377\000C\000+\000+\000\040\000L\000a\000n\000g\000u\000a\000g\000e\000\040\000R\000e\000q\000u\000i\000r\000e\000m\000e\000n\000t\000s}{section.2.5}% 16
\BOOKMARK [2][-]{subsection.2.5.2}{\376\377\000E\000r\000r\000o\000r\000\040\000H\000a\000n\000d\000l\000i\000n\000g}{section.2.5}% 17
\BOOKMARK [2][-]{subsection.2.5.3}{\376\377\000F\000a\000l\000l\000\040\000B\000a\000c\000k}{section.2.5}% 18
\BOOKMARK [0][-]{chapter.3}{\376\377\000L\000a\000n\000g\000u\000a\000g\000e}{}% 19
\BOOKMARK [1][-]{section.3.1}{\376\377\000K\000e\000y\000w\000o\000r\000d\000s}{chapter.3}% 20
\BOOKMARK [1][-]{section.3.2}{\376\377\000P\000r\000e\000p\000r\000o\000c\000e\000s\000s\000o\000r\000\040\000D\000i\000r\000e\000c\000t\000i\000v\000e\000s\000\040\000a\000n\000d\000\040\000M\000a\000c\000r\000o\000s}{chapter.3}% 21
\BOOKMARK [1][-]{section.3.3}{\376\377\000S\000t\000a\000n\000d\000a\000r\000d\000\040\000L\000i\000b\000r\000a\000r\000y\000\040\000C\000l\000a\000s\000s\000e\000s\000\040\000R\000e\000q\000u\000i\000r\000e\000d\000\040\000f\000o\000r\000\040\000t\000h\000e\000\040\000I\000n\000t\000e\000r\000f\000a\000c\000e}{chapter.3}% 22
\BOOKMARK [0][-]{chapter.4}{\376\377\000P\000r\000o\000g\000r\000a\000m\000m\000i\000n\000g\000\040\000I\000n\000t\000e\000r\000f\000a\000c\000e}{}% 23
\BOOKMARK [1][-]{section.4.1}{\376\377\000H\000e\000a\000d\000e\000r\000\040\000F\000i\000l\000e}{chapter.4}% 24
\BOOKMARK [1][-]{section.4.2}{\376\377\000N\000a\000m\000e\000s\000p\000a\000c\000e\000s}{chapter.4}% 25
\BOOKMARK [1][-]{section.4.3}{\376\377\000C\000l\000a\000s\000s\000\040\000D\000e\000s\000c\000r\000i\000p\000t\000i\000o\000n\000s}{chapter.4}% 26
\BOOKMARK [2][-]{subsection.4.3.1}{\376\377\000R\000u\000n\000t\000i\000m\000e\000\040\000C\000l\000a\000s\000s\000e\000s}{section.4.3}% 27
\BOOKMARK [3][-]{subsubsection.4.3.1.1}{\376\377\000d\000e\000v\000i\000c\000e\000\137\000s\000e\000l\000e\000c\000t\000o\000r}{subsection.4.3.1}% 28
\BOOKMARK [3][-]{subsubsection.4.3.1.2}{\376\377\000p\000l\000a\000t\000f\000o\000r\000m}{subsection.4.3.1}% 29
\BOOKMARK [3][-]{subsubsection.4.3.1.3}{\376\377\000c\000o\000n\000t\000e\000x\000t}{subsection.4.3.1}% 30
\BOOKMARK [3][-]{subsubsection.4.3.1.4}{\376\377\000d\000e\000v\000i\000c\000e}{subsection.4.3.1}% 31
\BOOKMARK [3][-]{subsubsection.4.3.1.5}{\376\377\000q\000u\000e\000u\000e}{subsection.4.3.1}% 32
\BOOKMARK [3][-]{subsubsection.4.3.1.6}{\376\377\000e\000v\000e\000n\000t}{subsection.4.3.1}% 33
\BOOKMARK [2][-]{subsection.4.3.2}{\376\377\000D\000a\000t\000a\000\040\000A\000c\000c\000e\000s\000s}{section.4.3}% 34
\BOOKMARK [3][-]{subsubsection.4.3.2.1}{\376\377\000a\000c\000c\000e\000s\000s\000o\000r}{subsection.4.3.2}% 35
\BOOKMARK [3][-]{subsubsection.4.3.2.2}{\376\377\000A\000t\000o\000m\000i\000c}{subsection.4.3.2}% 36
\BOOKMARK [3][-]{subsubsection.4.3.2.3}{\376\377\000B\000u\000f\000f\000e\000r}{subsection.4.3.2}% 37
\BOOKMARK [3][-]{subsubsection.4.3.2.4}{\376\377\000I\000m\000a\000g\000e}{subsection.4.3.2}% 38
\BOOKMARK [3][-]{subsubsection.4.3.2.5}{\376\377\000A\000d\000d\000r\000e\000s\000s\000\040\000S\000p\000a\000c\000e\000s}{subsection.4.3.2}% 39
\BOOKMARK [3][-]{subsubsection.4.3.2.6}{\376\377\000S\000a\000m\000p\000l\000e\000r\000s}{subsection.4.3.2}% 40
\BOOKMARK [2][-]{subsection.4.3.3}{\376\377\000E\000x\000p\000r\000e\000s\000s\000i\000n\000g\000\040\000P\000a\000r\000a\000l\000l\000e\000l\000i\000s\000m}{section.4.3}% 41
\BOOKMARK [3][-]{subsubsection.4.3.3.1}{\376\377\000R\000a\000n\000g\000e}{subsection.4.3.3}% 42
\BOOKMARK [3][-]{subsubsection.4.3.3.2}{\376\377\000N\000d\000\137\000r\000a\000n\000g\000e}{subsection.4.3.3}% 43
\BOOKMARK [3][-]{subsubsection.4.3.3.3}{\376\377\000I\000D}{subsection.4.3.3}% 44
\BOOKMARK [3][-]{subsubsection.4.3.3.4}{\376\377\000I\000t\000e\000m}{subsection.4.3.3}% 45
\BOOKMARK [3][-]{subsubsection.4.3.3.5}{\376\377\000N\000d\000\137\000i\000t\000e\000m}{subsection.4.3.3}% 46
\BOOKMARK [3][-]{subsubsection.4.3.3.6}{\376\377\000G\000r\000o\000u\000p}{subsection.4.3.3}% 47
\BOOKMARK [3][-]{subsubsection.4.3.3.7}{\376\377\000D\000e\000v\000i\000c\000e\000\040\000E\000v\000e\000n\000t}{subsection.4.3.3}% 48
\BOOKMARK [3][-]{subsubsection.4.3.3.8}{\376\377\000C\000o\000m\000m\000a\000n\000d\000\040\000G\000r\000o\000u\000p\000\040\000H\000a\000n\000d\000l\000e\000r}{subsection.4.3.3}% 49
\BOOKMARK [3][-]{subsubsection.4.3.3.9}{\376\377\000K\000e\000r\000n\000e\000l}{subsection.4.3.3}% 50
\BOOKMARK [3][-]{subsubsection.4.3.3.10}{\376\377\000P\000r\000o\000g\000r\000a\000m}{subsection.4.3.3}% 51
\BOOKMARK [2][-]{subsection.4.3.4}{\376\377\000E\000r\000r\000o\000r\000\040\000H\000a\000n\000d\000l\000i\000n\000g}{section.4.3}% 52
\BOOKMARK [3][-]{subsubsection.4.3.4.1}{\376\377\000E\000x\000c\000e\000p\000t\000i\000o\000n}{subsection.4.3.4}% 53
\BOOKMARK [2][-]{subsection.4.3.5}{\376\377\000S\000t\000r\000e\000a\000m}{section.4.3}% 54
\BOOKMARK [2][-]{subsection.4.3.6}{\376\377\000V\000e\000c\000\040\000a\000n\000d\000\040\000S\000w\000i\000z\000z\000l\000e\000d\000\040\000V\000e\000c}{section.4.3}% 55
\BOOKMARK [2][-]{subsection.4.3.7}{\376\377\000B\000u\000i\000l\000t\000-\000i\000n\000\040\000T\000y\000p\000e\000s\000\040\000\046\000\040\000F\000u\000n\000c\000t\000i\000o\000n\000s}{section.4.3}% 56
\BOOKMARK [2][-]{subsection.4.3.8}{\376\377\000P\000r\000o\000p\000e\000r\000t\000y\000\040\000I\000n\000t\000e\000r\000f\000a\000c\000e}{section.4.3}% 57
\BOOKMARK [2][-]{subsection.4.3.9}{\376\377\000V\000e\000r\000s\000i\000o\000n}{section.4.3}% 58
\BOOKMARK [0][-]{chapter.5}{\376\377\000G\000l\000o\000s\000s\000a\000r\000y}{}% 59
\BOOKMARK [0][-]{chapter.6}{\376\377\000N\000o\000t\000i\000c\000e\000s\000\040\000a\000n\000d\000\040\000D\000i\000s\000c\000l\000a\000i\000m\000e\000r\000s}{}% 60
\BOOKMARK [0][-]{section*.658}{\376\377\000I\000n\000d\000e\000x}{}% 61
