\BOOKMARK [0][-]{chapter.1}{\376\377\000L\000a\000n\000g\000u\000a\000g\000e}{}% 1
\BOOKMARK [1][-]{section.1.1}{\376\377\000K\000e\000y\000w\000o\000r\000d\000s}{chapter.1}% 2
\BOOKMARK [1][-]{section.1.2}{\376\377\000P\000r\000e\000p\000r\000o\000c\000e\000s\000s\000o\000r\000\040\000D\000i\000r\000e\000c\000t\000i\000v\000e\000s\000\040\000a\000n\000d\000\040\000M\000a\000c\000r\000o\000s}{chapter.1}% 3
\BOOKMARK [1][-]{section.1.3}{\376\377\000S\000t\000a\000n\000d\000a\000r\000d\000\040\000L\000i\000b\000r\000a\000r\000y\000\040\000C\000l\000a\000s\000s\000e\000s\000\040\000R\000e\000q\000u\000i\000r\000e\000d\000\040\000f\000o\000r\000\040\000t\000h\000e\000\040\000I\000n\000t\000e\000r\000f\000a\000c\000e}{chapter.1}% 4
\BOOKMARK [0][-]{chapter.2}{\376\377\000P\000r\000o\000g\000r\000a\000m\000m\000i\000n\000g\000\040\000I\000n\000t\000e\000r\000f\000a\000c\000e}{}% 5
\BOOKMARK [1][-]{section.2.1}{\376\377\000H\000e\000a\000d\000e\000r\000\040\000F\000i\000l\000e}{chapter.2}% 6
\BOOKMARK [1][-]{section.2.2}{\376\377\000N\000a\000m\000e\000s\000p\000a\000c\000e\000s}{chapter.2}% 7
\BOOKMARK [1][-]{section.2.3}{\376\377\000S\000t\000a\000n\000d\000a\000r\000d\000\040\000L\000i\000b\000r\000a\000r\000y\000\040\000C\000l\000a\000s\000s\000e\000s}{chapter.2}% 8
\BOOKMARK [1][-]{section.2.4}{\376\377\000R\000u\000n\000t\000i\000m\000e\000\040\000c\000l\000a\000s\000s\000e\000s}{chapter.2}% 9
\BOOKMARK [1][-]{section.2.5}{\376\377\000D\000a\000t\000a\000\040\000a\000c\000c\000e\000s\000s}{chapter.2}% 10
\BOOKMARK [1][-]{section.2.6}{\376\377\000E\000x\000p\000r\000e\000s\000s\000i\000n\000g\000\040\000p\000a\000r\000a\000l\000l\000e\000l\000i\000s\000m}{chapter.2}% 11
\BOOKMARK [1][-]{section.2.7}{\376\377\000E\000r\000r\000o\000r\000\040\000h\000a\000n\000d\000l\000i\000n\000g}{chapter.2}% 12
\BOOKMARK [1][-]{section.2.8}{\376\377\000D\000a\000t\000a\000\040\000t\000y\000p\000e\000s}{chapter.2}% 13
\BOOKMARK [1][-]{section.2.9}{\376\377\000S\000y\000n\000c\000h\000r\000o\000n\000i\000z\000a\000t\000i\000o\000n\000\040\000a\000n\000d\000\040\000a\000t\000o\000m\000i\000c\000s}{chapter.2}% 14
\BOOKMARK [1][-]{section.2.10}{\376\377\000S\000t\000r\000e\000a\000m\000\040\000c\000l\000a\000s\000s}{chapter.2}% 15
\BOOKMARK [1][-]{section.2.11}{\376\377\000B\000u\000i\000l\000t\000-\000i\000n\000\040\000f\000u\000n\000c\000t\000i\000o\000n\000s}{chapter.2}% 16
\BOOKMARK [0][-]{chapter.3}{\376\377\000S\000t\000y\000l\000e\000\040\000G\000u\000i\000d\000e}{}% 17
\BOOKMARK [1][-]{section.3.1}{\376\377\000C\000l\000a\000s\000s\000E\000x\000a\000m\000p\000l\000e}{chapter.3}% 18
\BOOKMARK [0][-]{chapter.4}{\376\377\000G\000l\000o\000s\000s\000a\000r\000y}{}% 19
\BOOKMARK [0][-]{section*.90}{\376\377\000I\000n\000d\000e\000x}{}% 20
